-> info : CServer : Register new Context : test_server
-> info : Register new Context : test_server
-> info : attribut recu start_date  -> info : --> empty
-> info : attribut recu start_date  -> info : 
-> info : attribut recu time_origin  -> info : --> empty
-> info : attribut recu time_origin  -> info : 
-> info : attribut recu timestep  -> info : --> empty
-> info : attribut recu timestep  -> info : 
-> info : attribut recu type  -> info : --> empty
-> info : attribut recu type  -> info : 
-> info : attribut recu enabled  -> info : --> empty
-> info : attribut recu enabled  -> info : 
-> info : attribut recu name  -> info : --> empty
-> info : attribut recu name  -> info : 
-> info : attribut recu output_freq  -> info : --> empty
-> info : attribut recu output_freq  -> info : 
-> info : attribut recu output_level  -> info : --> empty
-> info : attribut recu output_level  -> info : 
-> info : attribut recu par_access  -> info : --> empty
-> info : attribut recu par_access  -> info : 
-> info : attribut recu type  -> info : --> empty
-> info : attribut recu type  -> info : 
-> info : attribut recu domain_ref  -> info : --> empty
-> info : attribut recu domain_ref  -> info : 
-> info : attribut recu enabled  -> info : --> empty
-> info : attribut recu enabled  -> info : 
-> info : attribut recu field_ref  -> info : --> empty
-> info : attribut recu field_ref  -> info : 
-> info : attribut recu freq_op  -> info : --> empty
-> info : attribut recu freq_op  -> info : 
-> info : attribut recu level  -> info : --> empty
-> info : attribut recu level  -> info : 
-> info : attribut recu name  -> info : --> empty
-> info : attribut recu name  -> info : 
-> info : attribut recu operation  -> info : --> empty
-> info : attribut recu operation  -> info : 
-> info : attribut recu data_dim  -> info : --> empty
-> info : attribut recu data_dim  -> info : 
-> info : attribut recu data_i_index  -> info : --> empty
-> info : attribut recu data_i_index  -> info : 
-> info : attribut recu data_ibegin  -> info : --> empty
-> info : attribut recu data_ibegin  -> info : 
-> info : attribut recu data_j_index  -> info : --> empty
-> info : attribut recu data_j_index  -> info : 
-> info : attribut recu data_jbegin  -> info : --> empty
-> info : attribut recu data_jbegin  -> info : 
-> info : attribut recu data_ni  -> info : --> empty
-> info : attribut recu data_ni  -> info : 
-> info : attribut recu data_nj  -> info : --> empty
-> info : attribut recu data_nj  -> info : 
-> info : attribut recu global_zoom_ibegin  -> info : --> empty
-> info : attribut recu global_zoom_ibegin  -> info : 
-> info : attribut recu global_zoom_jbegin  -> info : --> empty
-> info : attribut recu global_zoom_jbegin  -> info : 
-> info : attribut recu global_zoom_ni  -> info : --> empty
-> info : attribut recu global_zoom_ni  -> info : 
-> info : attribut recu global_zoom_nj  -> info : --> empty
-> info : attribut recu global_zoom_nj  -> info : 
-> info : attribut recu i_index  -> info : --> empty
-> info : attribut recu i_index  -> info : 
-> info : attribut recu ibegin  -> info : --> empty
-> info : attribut recu ibegin  -> info : 
-> info : attribut recu j_index  -> info : --> empty
-> info : attribut recu j_index  -> info : 
-> info : attribut recu jbegin  -> info : --> empty
-> info : attribut recu jbegin  -> info : 
-> info : attribut recu latvalue_2d  -> info : --> empty
-> info : attribut recu latvalue_2d  -> info : 
-> info : attribut recu lonvalue_2d  -> info : --> empty
-> info : attribut recu lonvalue_2d  -> info : 
-> info : attribut recu mask_1d  -> info : --> empty
-> info : attribut recu mask_1d  -> info : 
-> info : attribut recu ni  -> info : --> empty
-> info : attribut recu ni  -> info : 
-> info : attribut recu ni_glo  -> info : --> empty
-> info : attribut recu ni_glo  -> info : 
-> info : attribut recu nj  -> info : --> empty
-> info : attribut recu nj  -> info : 
-> info : attribut recu nj_glo  -> info : --> empty
-> info : attribut recu nj_glo  -> info : 
-> info : attribut recu nvertex  -> info : --> empty
-> info : attribut recu nvertex  -> info : 
-> info : attribut recu type  -> info : --> empty
-> info : attribut recu type  -> info : 
-> info : attribut recu zoom_i_index  -> info : --> empty
-> info : attribut recu zoom_i_index  -> info : 
-> info : attribut recu zoom_j_index  -> info : --> empty
-> info : attribut recu zoom_j_index  -> info : 
-> info : attribut recu axis_domain_order  -> info : --> empty
-> info : attribut recu axis_domain_order  -> info : 
-> info : attribut recu data_dim  -> info : 
-> info : attribut recu data_dim  -> info : 
-> info : attribut recu data_i_index  -> info : 
-> info : attribut recu data_i_index  -> info : 
-> info : attribut recu data_ibegin  -> info : 
-> info : attribut recu data_ibegin  -> info : 
-> info : attribut recu data_j_index  -> info : 
-> info : attribut recu data_j_index  -> info : 
-> info : attribut recu data_jbegin  -> info : 
-> info : attribut recu data_jbegin  -> info : 
-> info : attribut recu data_ni  -> info : 
-> info : attribut recu data_ni  -> info : 
-> info : attribut recu data_nj  -> info : 
-> info : attribut recu data_nj  -> info : 
-> info : attribut recu global_zoom_ibegin  -> info : 
-> info : attribut recu global_zoom_ibegin  -> info : 
-> info : attribut recu global_zoom_jbegin  -> info : 
-> info : attribut recu global_zoom_jbegin  -> info : 
-> info : attribut recu global_zoom_ni  -> info : 
-> info : attribut recu global_zoom_ni  -> info : 
-> info : attribut recu global_zoom_nj  -> info : 
-> info : attribut recu global_zoom_nj  -> info : 
-> info : attribut recu i_index  -> info : 
-> info : attribut recu i_index  -> info : 
-> info : attribut recu ibegin  -> info : 
-> info : attribut recu ibegin  -> info : 
-> info : attribut recu j_index  -> info : 
-> info : attribut recu j_index  -> info : 
-> info : attribut recu jbegin  -> info : 
-> info : attribut recu jbegin  -> info : 
-> info : attribut recu latvalue_2d  -> info : 
-> info : attribut recu latvalue_2d  -> info : 
-> info : attribut recu lonvalue_2d  -> info : 
-> info : attribut recu lonvalue_2d  -> info : 
-> info : attribut recu mask_1d  -> info : 
-> info : attribut recu mask_1d  -> info : 
-> info : attribut recu ni  -> info : 
-> info : attribut recu ni  -> info : 
-> info : attribut recu ni_glo  -> info : 
-> info : attribut recu ni_glo  -> info : 
-> info : attribut recu nj  -> info : 
-> info : attribut recu nj  -> info : 
-> info : attribut recu nj_glo  -> info : 
-> info : attribut recu nj_glo  -> info : 
-> info : attribut recu nvertex  -> info : 
-> info : attribut recu nvertex  -> info : 
-> info : attribut recu type  -> info : 
-> info : attribut recu type  -> info : 
-> info : attribut recu zoom_i_index  -> info : 
-> info : attribut recu zoom_i_index  -> info : 
-> info : attribut recu zoom_j_index  -> info : 
-> info : attribut recu zoom_j_index  -> info : 
-> info : update step : 0 timestep 3600s
-> info : CClientBuffer: allocated 2 x 8192 bytes for server 1 with a maximum of 4 buffered events
-> info : CClientBuffer: allocated 2 x 8192 bytes for server 0 with a maximum of 4 buffered events
-> info : updateCalendar : before : 2012-03-01 15:00:00
-> info : update step : 1 timestep 3600s
-> info : updateCalendar : after : 2012-03-01 16:00:00
-> info : updateCalendar : before : 2012-03-01 16:00:00
-> info : update step : 2 timestep 3600s
-> info : updateCalendar : after : 2012-03-01 17:00:00
-> info : updateCalendar : before : 2012-03-01 17:00:00
-> info : update step : 3 timestep 3600s
-> info : updateCalendar : after : 2012-03-01 18:00:00
-> info : updateCalendar : before : 2012-03-01 18:00:00
-> info : update step : 4 timestep 3600s
-> info : updateCalendar : after : 2012-03-01 19:00:00
-> info : updateCalendar : before : 2012-03-01 19:00:00
-> info : update step : 5 timestep 3600s
-> info : updateCalendar : after : 2012-03-01 20:00:00
-> info : updateCalendar : before : 2012-03-01 20:00:00
-> info : update step : 6 timestep 3600s
-> info : updateCalendar : after : 2012-03-01 21:00:00
-> info : updateCalendar : before : 2012-03-01 21:00:00
-> info : update step : 7 timestep 3600s
-> info : updateCalendar : after : 2012-03-01 22:00:00
-> info : updateCalendar : before : 2012-03-01 22:00:00
-> info : update step : 8 timestep 3600s
-> info : updateCalendar : after : 2012-03-01 23:00:00
-> info : updateCalendar : before : 2012-03-01 23:00:00
-> info : update step : 9 timestep 3600s
-> info : updateCalendar : after : 2012-03-02 00:00:00
-> info : updateCalendar : before : 2012-03-02 00:00:00
-> info : update step : 10 timestep 3600s
-> info : updateCalendar : after : 2012-03-02 01:00:00
-> info : updateCalendar : before : 2012-03-02 01:00:00
-> info : update step : 11 timestep 3600s
-> info : updateCalendar : after : 2012-03-02 02:00:00
-> info : updateCalendar : before : 2012-03-02 02:00:00
-> info : update step : 12 timestep 3600s
-> info : updateCalendar : after : 2012-03-02 03:00:00
-> info : updateCalendar : before : 2012-03-02 03:00:00
-> info : update step : 13 timestep 3600s
-> info : updateCalendar : after : 2012-03-02 04:00:00
-> info : updateCalendar : before : 2012-03-02 04:00:00
-> info : update step : 14 timestep 3600s
-> info : updateCalendar : after : 2012-03-02 05:00:00
-> info : updateCalendar : before : 2012-03-02 05:00:00
-> info : update step : 15 timestep 3600s
-> info : updateCalendar : after : 2012-03-02 06:00:00
-> info : updateCalendar : before : 2012-03-02 06:00:00
-> info : update step : 16 timestep 3600s
-> info : updateCalendar : after : 2012-03-02 07:00:00
-> info : updateCalendar : before : 2012-03-02 07:00:00
-> info : update step : 17 timestep 3600s
-> info : updateCalendar : after : 2012-03-02 08:00:00
-> info : updateCalendar : before : 2012-03-02 08:00:00
-> info : update step : 18 timestep 3600s
-> info : updateCalendar : after : 2012-03-02 09:00:00
-> info : updateCalendar : before : 2012-03-02 09:00:00
-> info : update step : 19 timestep 3600s
-> info : updateCalendar : after : 2012-03-02 10:00:00
-> info : updateCalendar : before : 2012-03-02 10:00:00
-> info : update step : 20 timestep 3600s
-> info : updateCalendar : after : 2012-03-02 11:00:00
-> info : updateCalendar : before : 2012-03-02 11:00:00
-> info : update step : 21 timestep 3600s
-> info : updateCalendar : after : 2012-03-02 12:00:00
-> info : updateCalendar : before : 2012-03-02 12:00:00
-> info : update step : 22 timestep 3600s
-> info : updateCalendar : after : 2012-03-02 13:00:00
-> info : updateCalendar : before : 2012-03-02 13:00:00
-> info : update step : 23 timestep 3600s
-> info : updateCalendar : after : 2012-03-02 14:00:00
-> info : updateCalendar : before : 2012-03-02 14:00:00
-> info : update step : 24 timestep 3600s
-> info : updateCalendar : after : 2012-03-02 15:00:00
-> info : updateCalendar : before : 2012-03-02 15:00:00
-> info : update step : 25 timestep 3600s
-> info : updateCalendar : after : 2012-03-02 16:00:00
-> info : updateCalendar : before : 2012-03-02 16:00:00
-> info : update step : 26 timestep 3600s
-> info : updateCalendar : after : 2012-03-02 17:00:00
-> info : updateCalendar : before : 2012-03-02 17:00:00
-> info : update step : 27 timestep 3600s
-> info : updateCalendar : after : 2012-03-02 18:00:00
-> info : updateCalendar : before : 2012-03-02 18:00:00
-> info : update step : 28 timestep 3600s
-> info : updateCalendar : after : 2012-03-02 19:00:00
-> info : updateCalendar : before : 2012-03-02 19:00:00
-> info : update step : 29 timestep 3600s
-> info : updateCalendar : after : 2012-03-02 20:00:00
-> info : updateCalendar : before : 2012-03-02 20:00:00
-> info : update step : 30 timestep 3600s
-> info : updateCalendar : after : 2012-03-02 21:00:00
-> info : updateCalendar : before : 2012-03-02 21:00:00
-> info : update step : 31 timestep 3600s
-> info : updateCalendar : after : 2012-03-02 22:00:00
-> info : updateCalendar : before : 2012-03-02 22:00:00
-> info : update step : 32 timestep 3600s
-> info : updateCalendar : after : 2012-03-02 23:00:00
-> info : updateCalendar : before : 2012-03-02 23:00:00
-> info : update step : 33 timestep 3600s
-> info : updateCalendar : after : 2012-03-03 00:00:00
-> info : updateCalendar : before : 2012-03-03 00:00:00
-> info : update step : 34 timestep 3600s
-> info : updateCalendar : after : 2012-03-03 01:00:00
-> info : updateCalendar : before : 2012-03-03 01:00:00
-> info : update step : 35 timestep 3600s
-> info : updateCalendar : after : 2012-03-03 02:00:00
-> info : updateCalendar : before : 2012-03-03 02:00:00
-> info : update step : 36 timestep 3600s
-> info : updateCalendar : after : 2012-03-03 03:00:00
-> info : updateCalendar : before : 2012-03-03 03:00:00
-> info : update step : 37 timestep 3600s
-> info : updateCalendar : after : 2012-03-03 04:00:00
-> info : updateCalendar : before : 2012-03-03 04:00:00
-> info : update step : 38 timestep 3600s
-> info : updateCalendar : after : 2012-03-03 05:00:00
-> info : updateCalendar : before : 2012-03-03 05:00:00
-> info : update step : 39 timestep 3600s
-> info : updateCalendar : after : 2012-03-03 06:00:00
-> info : updateCalendar : before : 2012-03-03 06:00:00
-> info : update step : 40 timestep 3600s
-> info : updateCalendar : after : 2012-03-03 07:00:00
-> info : Server Side context <test_server> finalized
-> report :  Memory report : Context <test_server> : server side : memory used for buffer of each connection to client
  +) With client of rank 1 : 8192 bytes 
-> report :  Memory report : Context <test_server> : client side : memory used for buffer of each connection to server
  +) To server with rank 0 : 8192 bytes 
-> report :  Memory report : Context <test_server> : client side : memory used for buffer of each connection to server
  +) To server with rank 1 : 8192 bytes 
-> report :  Memory report : Context <test_server> : client side : total memory used for buffer 16384 bytes
-> info : Server Side context <test_server> finalized
-> report :  Memory report : Context <test_server> : server side : memory used for buffer of each connection to client
  +) With client of rank 1 : 8192 bytes 
-> report :  Memory report : Context <test_server> : server side : total memory used for buffer 8192 bytes
-> info : CClientBuffer: allocated 2 x 8192 bytes for server 1 with a maximum of 4 buffered events
-> report :  Memory report : Context <test_server> : client side : memory used for buffer of each connection to server
  +) To server with rank 1 : 8192 bytes 
-> report :  Memory report : Context <test_server> : client side : total memory used for buffer 8192 bytes
-> info : Closing File : output
-> report :  Memory report : Context <test_server> : server side : total memory used for buffer 8192 bytes
-> report : Performance report : Time spent for XIOS : 44.0354
-> report : Performance report : Time spent in processing events : 29.7786
-> report : Performance report : Ratio : 67.6243%
