-> info : Register new Context : test
-> info : update step : 0 timestep 3600s
-> info : CClientBuffer: allocated 2 x 8192 bytes for server 0 with a maximum of 4 buffered events
-> info : updateCalendar : before : 2012-03-01 15:00:00
-> info : update step : 1 timestep 3600s
-> info : updateCalendar : after : 2012-03-01 16:00:00
-> info : updateCalendar : before : 2012-03-01 16:00:00
-> info : update step : 2 timestep 3600s
-> info : updateCalendar : after : 2012-03-01 17:00:00
-> info : updateCalendar : before : 2012-03-01 17:00:00
-> info : update step : 3 timestep 3600s
-> info : updateCalendar : after : 2012-03-01 18:00:00
-> info : updateCalendar : before : 2012-03-01 18:00:00
-> info : update step : 4 timestep 3600s
-> info : updateCalendar : after : 2012-03-01 19:00:00
-> info : updateCalendar : before : 2012-03-01 19:00:00
-> info : update step : 5 timestep 3600s
-> info : updateCalendar : after : 2012-03-01 20:00:00
-> info : updateCalendar : before : 2012-03-01 20:00:00
-> info : update step : 6 timestep 3600s
-> info : updateCalendar : after : 2012-03-01 21:00:00
-> info : updateCalendar : before : 2012-03-01 21:00:00
-> info : update step : 7 timestep 3600s
-> info : updateCalendar : after : 2012-03-01 22:00:00
-> info : updateCalendar : before : 2012-03-01 22:00:00
-> info : update step : 8 timestep 3600s
-> info : updateCalendar : after : 2012-03-01 23:00:00
-> info : updateCalendar : before : 2012-03-01 23:00:00
-> info : update step : 9 timestep 3600s
-> info : updateCalendar : after : 2012-03-02 00:00:00
-> info : updateCalendar : before : 2012-03-02 00:00:00
-> info : update step : 10 timestep 3600s
-> info : updateCalendar : after : 2012-03-02 01:00:00
-> info : updateCalendar : before : 2012-03-02 01:00:00
-> info : update step : 11 timestep 3600s
-> info : updateCalendar : after : 2012-03-02 02:00:00
-> info : updateCalendar : before : 2012-03-02 02:00:00
-> info : update step : 12 timestep 3600s
-> info : updateCalendar : after : 2012-03-02 03:00:00
-> info : updateCalendar : before : 2012-03-02 03:00:00
-> info : update step : 13 timestep 3600s
-> info : updateCalendar : after : 2012-03-02 04:00:00
-> info : updateCalendar : before : 2012-03-02 04:00:00
-> info : update step : 14 timestep 3600s
-> info : updateCalendar : after : 2012-03-02 05:00:00
-> info : updateCalendar : before : 2012-03-02 05:00:00
-> info : update step : 15 timestep 3600s
-> info : updateCalendar : after : 2012-03-02 06:00:00
-> info : updateCalendar : before : 2012-03-02 06:00:00
-> info : update step : 16 timestep 3600s
-> info : updateCalendar : after : 2012-03-02 07:00:00
-> info : updateCalendar : before : 2012-03-02 07:00:00
-> info : update step : 17 timestep 3600s
-> info : updateCalendar : after : 2012-03-02 08:00:00
-> info : updateCalendar : before : 2012-03-02 08:00:00
-> info : update step : 18 timestep 3600s
-> info : updateCalendar : after : 2012-03-02 09:00:00
-> info : updateCalendar : before : 2012-03-02 09:00:00
-> info : update step : 19 timestep 3600s
-> info : updateCalendar : after : 2012-03-02 10:00:00
-> info : updateCalendar : before : 2012-03-02 10:00:00
-> info : update step : 20 timestep 3600s
-> info : updateCalendar : after : 2012-03-02 11:00:00
-> info : updateCalendar : before : 2012-03-02 11:00:00
-> info : update step : 21 timestep 3600s
-> info : updateCalendar : after : 2012-03-02 12:00:00
-> info : updateCalendar : before : 2012-03-02 12:00:00
-> info : update step : 22 timestep 3600s
-> info : updateCalendar : after : 2012-03-02 13:00:00
-> info : updateCalendar : before : 2012-03-02 13:00:00
-> info : update step : 23 timestep 3600s
-> info : updateCalendar : after : 2012-03-02 14:00:00
-> info : updateCalendar : before : 2012-03-02 14:00:00
-> info : update step : 24 timestep 3600s
-> info : updateCalendar : after : 2012-03-02 15:00:00
-> info : updateCalendar : before : 2012-03-02 15:00:00
-> info : update step : 25 timestep 3600s
-> info : updateCalendar : after : 2012-03-02 16:00:00
-> info : updateCalendar : before : 2012-03-02 16:00:00
-> info : update step : 26 timestep 3600s
-> info : updateCalendar : after : 2012-03-02 17:00:00
-> info : updateCalendar : before : 2012-03-02 17:00:00
-> info : update step : 27 timestep 3600s
-> info : updateCalendar : after : 2012-03-02 18:00:00
-> info : updateCalendar : before : 2012-03-02 18:00:00
-> info : update step : 28 timestep 3600s
-> info : updateCalendar : after : 2012-03-02 19:00:00
-> info : updateCalendar : before : 2012-03-02 19:00:00
-> info : update step : 29 timestep 3600s
-> info : updateCalendar : after : 2012-03-02 20:00:00
-> info : updateCalendar : before : 2012-03-02 20:00:00
-> info : update step : 30 timestep 3600s
-> info : updateCalendar : after : 2012-03-02 21:00:00
-> info : updateCalendar : before : 2012-03-02 21:00:00
-> info : update step : 31 timestep 3600s
-> info : updateCalendar : after : 2012-03-02 22:00:00
-> info : updateCalendar : before : 2012-03-02 22:00:00
-> info : update step : 32 timestep 3600s
-> info : updateCalendar : after : 2012-03-02 23:00:00
-> info : updateCalendar : before : 2012-03-02 23:00:00
-> info : update step : 33 timestep 3600s
-> info : updateCalendar : after : 2012-03-03 00:00:00
-> info : updateCalendar : before : 2012-03-03 00:00:00
-> info : update step : 34 timestep 3600s
-> info : updateCalendar : after : 2012-03-03 01:00:00
-> info : updateCalendar : before : 2012-03-03 01:00:00
-> info : update step : 35 timestep 3600s
-> info : updateCalendar : after : 2012-03-03 02:00:00
-> info : updateCalendar : before : 2012-03-03 02:00:00
-> info : update step : 36 timestep 3600s
-> info : updateCalendar : after : 2012-03-03 03:00:00
-> info : updateCalendar : before : 2012-03-03 03:00:00
-> info : update step : 37 timestep 3600s
-> info : updateCalendar : after : 2012-03-03 04:00:00
-> info : updateCalendar : before : 2012-03-03 04:00:00
-> info : update step : 38 timestep 3600s
-> info : updateCalendar : after : 2012-03-03 05:00:00
-> info : updateCalendar : before : 2012-03-03 05:00:00
-> info : update step : 39 timestep 3600s
-> info : updateCalendar : after : 2012-03-03 06:00:00
-> info : updateCalendar : before : 2012-03-03 06:00:00
-> info : update step : 40 timestep 3600s
-> info : updateCalendar : after : 2012-03-03 07:00:00
-> report :  Memory report : Context <test> : client side : memory used for buffer of each connection to server
  +) To server with rank 0 : 8192 bytes 
-> report :  Memory report : Context <test> : client side : total memory used for buffer 8192 bytes
-> info : Server Side context <test> finalized
-> report :  Memory report : Context <test> : server side : memory used for buffer of each connection to client
  +) With client of rank 0 : 8192 bytes 
-> report :  Memory report : Context <test> : server side : total memory used for buffer 8192 bytes
-> info : Client side context is finalized
-> report :  Performance report : total time spent for XIOS : 43.7166 s
-> report :  Performance report : time spent for waiting free buffer : 40.3799 s
-> report :  Performance report : Ratio : 92.3675 %
-> report :  Performance report : This ratio must be close to zero. Otherwise it may be usefull to increase buffer size or numbers of server
-> report :  Memory report : Minimum buffer size required : 220 bytes
-> report :  Memory report : increasing it by a factor will increase performance, depending of the volume of data wrote in file at each time step of the file
