core file size          (blocks, -c) 0
data seg size           (kbytes, -d) 32768000
scheduling priority             (-e) 0
file size               (blocks, -f) 4294967296
pending signals                 (-i) 257507
max locked memory       (kbytes, -l) unlimited
max memory size         (kbytes, -m) unlimited
open files                      (-n) 16384
pipe size            (512 bytes, -p) 8
POSIX message queues     (bytes, -q) 819200
real-time priority              (-r) 0
stack size              (kbytes, -s) unlimited
cpu time               (seconds, -t) unlimited
max user processes              (-u) 4096
virtual memory          (kbytes, -v) unlimited
file locks                      (-x) unlimited
core file size          (blocks, -c) unlimited
data seg size           (kbytes, -d) 32768000
scheduling priority             (-e) 0
file size               (blocks, -f) unlimited
pending signals                 (-i) 257507
max locked memory       (kbytes, -l) unlimited
max memory size         (kbytes, -m) unlimited
open files                      (-n) 1048576
pipe size            (512 bytes, -p) 8
POSIX message queues     (bytes, -q) 819200
real-time priority              (-r) 0
stack size              (kbytes, -s) unlimited
cpu time               (seconds, -t) unlimited
max user processes              (-u) 257507
virtual memory          (kbytes, -v) unlimited
file locks                      (-x) unlimited
